============================= test session starts ==============================
platform darwin -- Python 2.7.16, pytest-4.6.4, py-1.8.0, pluggy-0.12.0 -- /Users/jmacintosh/src/hv/env/dewey/bin/python2.7
cachedir: .pytest_cache
rootdir: /Users/jmacintosh/src/hv/dewey/spark
collecting ... collected 38 items

test/stats/stats_runner_test.py::test_standard_stats PASSED              [  2%]
test/stats/stats_runner_test.py::test_emr_fill_rates PASSED              [  5%]
test/stats/stats_runner_test.py::test_emr_year_over_year_long PASSED     [  7%]
Test module 'test/stats/stats_runner_test.py' DURATION=5.82s

test/stats/stats_writer_test.py::test__generate_queries PASSED           [ 10%]
Test module 'test/stats/stats_writer_test.py' DURATION=0.00s

test/stats/calc/epi_test.py::test_init PASSED                            [ 13%]
test/stats/calc/epi_test.py::test_lines_split_properly PASSED            [ 15%]
test/stats/calc/epi_test.py::test_keys_are_named_correctly PASSED        [ 18%]
test/stats/calc/epi_test.py::test_extra_separators_added_in_field PASSED [ 21%]
test/stats/calc/epi_test.py::test_list_populated_correctly PASSED        [ 23%]
Test module 'test/stats/calc/epi_test.py' DURATION=0.00s

test/stats/calc/fill_rate_test.py::test_init PASSED                      [ 26%]
test/stats/calc/fill_rate_test.py::test_num_columns_equal PASSED         [ 28%]
test/stats/calc/fill_rate_test.py::test_column_names_equal PASSED        [ 31%]
test/stats/calc/fill_rate_test.py::test_expected_values PASSED           [ 34%]
test/stats/calc/fill_rate_test.py::test_gender_unknown_filetered PASSED  [ 36%]
Test module 'test/stats/calc/fill_rate_test.py' DURATION=0.99s

test/stats/calc/key_stats_test.py::test_init PASSED                      [ 39%]
test/stats/calc/key_stats_test.py::test_counts_are_correct_for_date_range PASSED [ 42%]
Test module 'test/stats/calc/key_stats_test.py' DURATION=0.67s

test/stats/calc/longitudinality_test.py::test_init PASSED                [ 44%]
test/stats/calc/longitudinality_test.py::test_num_of_months_rows_are_correct PASSED [ 47%]
test/stats/calc/longitudinality_test.py::test_num_of_years_rows_are_correct PASSED [ 50%]
test/stats/calc/longitudinality_test.py::test_num_of_patients_per_group_correct PASSED [ 52%]
Test module 'test/stats/calc/longitudinality_test.py' DURATION=0.65s

test/stats/calc/top_values_test.py::test_init PASSED                     [ 55%]
test/stats/calc/top_values_test.py::test_top_values_created_for_each_column PASSED [ 57%]
test/stats/calc/top_values_test.py::test_threshold PASSED                [ 60%]
test/stats/calc/top_values_test.py::test_duplicate_values_not_counted_twice_when_distinct_column_is_not_none PASSED [ 63%]
test/stats/calc/top_values_test.py::test_no_top_values_to_calculate PASSED [ 65%]
Test module 'test/stats/calc/top_values_test.py' DURATION=3.45s

test/stats/calc/year_over_year_test.py::test_init PASSED                 [ 68%]
test/stats/calc/year_over_year_test.py::test_number_of_years_calculated_correct PASSED [ 71%]
test/stats/calc/year_over_year_test.py::test_stat_calc_counts_are_correct PASSED [ 73%]
Test module 'test/stats/calc/year_over_year_test.py' DURATION=0.31s

test/stats/config/reader/config_reader_test.py::test_fill_rate_get_columns PASSED [ 76%]
test/stats/config/reader/config_reader_test.py::test_does_not_read_sub_conf_when_null PASSED [ 78%]
test/stats/config/reader/config_reader_test.py::test_exception_raised_when_provider_conf_datatype_is_null PASSED [ 81%]
test/stats/config/reader/config_reader_test.py::test_exception_raised_when_provider_conf_datatype_not_specified PASSED [ 84%]
test/stats/config/reader/config_reader_test.py::test_exception_raised_when_provider_not_in_providers_conf_file PASSED [ 86%]
Test module 'test/stats/config/reader/config_reader_test.py' DURATION=0.00s

test/stats/processor/processor_test.py::test_init PASSED                 [ 89%]
test/stats/processor/processor_test.py::test_fill_rate_calculated PASSED [ 92%]
test/stats/processor/processor_test.py::test_fill_rate_values PASSED     [ 94%]
test/stats/processor/processor_test.py::test_fill_rate_dataframe_count PASSED [ 97%]
test/stats/processor/processor_test.py::test_no_df_if_fill_rates_is_none_in_provider_conf PASSED [100%]
Test module 'test/stats/processor/processor_test.py' DURATION=1.33s


=============================== warnings summary ===============================
/Users/jmacintosh/src/hv/env/dewey/lib/python2.7/site-packages/psycopg2/__init__.py:144
  /Users/jmacintosh/src/hv/env/dewey/lib/python2.7/site-packages/psycopg2/__init__.py:144: UserWarning: The psycopg2 wheel package will be renamed from release 2.8; in order to keep installing from binary please use "pip install psycopg2-binary" instead. For details see: <http://initd.org/psycopg/docs/install.html#binary-install-from-pypi>.
    """)

test/stats/stats_runner_test.py::test_standard_stats
test/stats/stats_runner_test.py::test_standard_stats
test/stats/stats_runner_test.py::test_standard_stats
test/stats/stats_runner_test.py::test_standard_stats
test/stats/stats_runner_test.py::test_standard_stats
test/stats/stats_runner_test.py::test_standard_stats
test/stats/stats_runner_test.py::test_standard_stats
test/stats/stats_runner_test.py::test_standard_stats
test/stats/stats_runner_test.py::test_standard_stats
test/stats/stats_runner_test.py::test_standard_stats
test/stats/stats_runner_test.py::test_standard_stats
test/stats/stats_runner_test.py::test_standard_stats
test/stats/stats_runner_test.py::test_standard_stats
test/stats/stats_runner_test.py::test_standard_stats
test/stats/stats_runner_test.py::test_standard_stats
test/stats/stats_runner_test.py::test_standard_stats
test/stats/stats_runner_test.py::test_standard_stats
test/stats/stats_runner_test.py::test_standard_stats
test/stats/stats_runner_test.py::test_standard_stats
test/stats/stats_runner_test.py::test_standard_stats
test/stats/stats_runner_test.py::test_standard_stats
test/stats/stats_runner_test.py::test_standard_stats
test/stats/stats_runner_test.py::test_standard_stats
test/stats/stats_runner_test.py::test_standard_stats
test/stats/stats_runner_test.py::test_standard_stats
test/stats/stats_runner_test.py::test_standard_stats
test/stats/stats_runner_test.py::test_standard_stats
test/stats/stats_runner_test.py::test_standard_stats
test/stats/stats_runner_test.py::test_standard_stats
test/stats/stats_runner_test.py::test_standard_stats
test/stats/stats_runner_test.py::test_standard_stats
test/stats/stats_runner_test.py::test_standard_stats
test/stats/stats_runner_test.py::test_standard_stats
test/stats/stats_runner_test.py::test_standard_stats
test/stats/stats_runner_test.py::test_standard_stats
test/stats/stats_runner_test.py::test_standard_stats
test/stats/stats_runner_test.py::test_standard_stats
test/stats/stats_runner_test.py::test_standard_stats
test/stats/stats_runner_test.py::test_standard_stats
  /Users/jmacintosh/src/hv/env/dewey/lib/python2.7/site-packages/pyspark/sql/context.py:190: DeprecationWarning: Deprecated in 2.3.0. Use spark.udf.register instead.
    DeprecationWarning)

test/stats/config/reader/config_reader_test.py::test_exception_raised_when_provider_conf_datatype_is_null
  /Users/jmacintosh/src/hv/dewey/spark/test/stats/config/reader/config_reader_test.py:49: DeprecationWarning: BaseException.message has been deprecated as of Python 2.6
    assert exception.message.startswith('datatype is not specified for feed 3')

test/stats/config/reader/config_reader_test.py::test_exception_raised_when_provider_conf_datatype_not_specified
  /Users/jmacintosh/src/hv/dewey/spark/test/stats/config/reader/config_reader_test.py:58: DeprecationWarning: BaseException.message has been deprecated as of Python 2.6
    assert exception.message.startswith('datatype is not specified for feed 4')

test/stats/config/reader/config_reader_test.py::test_exception_raised_when_provider_not_in_providers_conf_file
  /Users/jmacintosh/src/hv/dewey/spark/test/stats/config/reader/config_reader_test.py:67: DeprecationWarning: BaseException.message has been deprecated as of Python 2.6
    assert exception.message == 'Feed lol is not in the providers config file'

-- Docs: https://docs.pytest.org/en/latest/warnings.html
=================== 38 passed, 43 warnings in 48.89 seconds ====================
